0 info it worked if it ends with ok
1 verbose cli [ 'D:\\Program Files\\nodejs\\node.exe',
1 verbose cli   'D:\\Program Files\\nodejs\\node_modules\\npm\\bin\\npm-cli.js',
1 verbose cli   'run',
1 verbose cli   'gulp' ]
2 info using npm@3.10.10
3 info using node@v6.10.1
4 verbose run-script [ 'pregulp', 'gulp', 'postgulp' ]
5 info lifecycle itad2k17@1.0.0~pregulp: itad2k17@1.0.0
6 silly lifecycle itad2k17@1.0.0~pregulp: no script for pregulp, continuing
7 info lifecycle itad2k17@1.0.0~gulp: itad2k17@1.0.0
8 verbose lifecycle itad2k17@1.0.0~gulp: unsafe-perm in lifecycle true
9 verbose lifecycle itad2k17@1.0.0~gulp: PATH: D:\Program Files\nodejs\node_modules\npm\bin\node-gyp-bin;C:\Users\jakub\Downloads\Itad2017\node_modules\.bin;C:\ProgramData\Oracle\Java\javapath;C:\Windows\system32;C:\Windows;C:\Windows\System32\Wbem;C:\Windows\System32\WindowsPowerShell\v1.0\;D:\Program Files\Java\jdk1.8.0_102\bin;C:\Windows\system32\config\systemprofile\.dnx\bin;C:\Program Files\Microsoft DNX\Dnvm\;C:\Program Files\Microsoft SQL Server\130\Tools\Binn\;D:\Program Files\nodejs\;D:\Program Files\Git\cmd;D:\Program Files\Work\Programs\Maven\apache-maven-3.5.0\bin;C:\Users\jakub\AppData\Local\atom\bin;C:\Program Files\Java\jdk1.8.0_131\bin;D:\Program Files\Microsoft VS Code\bin
10 verbose lifecycle itad2k17@1.0.0~gulp: CWD: C:\Users\jakub\Downloads\Itad2017
11 silly lifecycle itad2k17@1.0.0~gulp: Args: [ '/d /s /c', 'gulp' ]
12 silly lifecycle itad2k17@1.0.0~gulp: Returned: code: 3221225786  signal: null
13 info lifecycle itad2k17@1.0.0~gulp: Failed to exec gulp script
14 verbose stack Error: itad2k17@1.0.0 gulp: `gulp`
14 verbose stack Exit status 3221225786
14 verbose stack     at EventEmitter.<anonymous> (D:\Program Files\nodejs\node_modules\npm\lib\utils\lifecycle.js:255:16)
14 verbose stack     at emitTwo (events.js:106:13)
14 verbose stack     at EventEmitter.emit (events.js:191:7)
14 verbose stack     at ChildProcess.<anonymous> (D:\Program Files\nodejs\node_modules\npm\lib\utils\spawn.js:40:14)
14 verbose stack     at emitTwo (events.js:106:13)
14 verbose stack     at ChildProcess.emit (events.js:191:7)
14 verbose stack     at maybeClose (internal/child_process.js:886:16)
14 verbose stack     at Process.ChildProcess._handle.onexit (internal/child_process.js:226:5)
15 verbose pkgid itad2k17@1.0.0
16 verbose cwd C:\Users\jakub\Downloads\Itad2017
17 error Windows_NT 10.0.14393
18 error argv "D:\\Program Files\\nodejs\\node.exe" "D:\\Program Files\\nodejs\\node_modules\\npm\\bin\\npm-cli.js" "run" "gulp"
19 error node v6.10.1
20 error npm  v3.10.10
21 error code ELIFECYCLE
22 error itad2k17@1.0.0 gulp: `gulp`
22 error Exit status 3221225786
23 error Failed at the itad2k17@1.0.0 gulp script 'gulp'.
23 error Make sure you have the latest version of node.js and npm installed.
23 error If you do, this is most likely a problem with the itad2k17 package,
23 error not with npm itself.
23 error Tell the author that this fails on your system:
23 error     gulp
23 error You can get information on how to open an issue for this project with:
23 error     npm bugs itad2k17
23 error Or if that isn't available, you can get their info via:
23 error     npm owner ls itad2k17
23 error There is likely additional logging output above.
24 verbose exit [ 1, true ]
